<?xml version="1.0" encoding="UTF-8"?>
<!-- Generated by org.testng.reporters.JUnitReportReporter -->
<testsuite hostname="DESKTOP-1NA9G7J" failures="0" tests="3" name="TestLayer.RegisterPageClass" time="24.798" errors="0" timestamp="2023-03-07T14:43:10 IST" skipped="0">
  <testcase classname="TestLayer.RegisterPageClass" name="validateContactInformation" time="7.527"/>
  <system-out/>
  <testcase classname="TestLayer.RegisterPageClass" name="validateMailingInformation" time="11.571"/>
  <system-out/>
  <testcase classname="TestLayer.RegisterPageClass" name="validateUsernameInformation" time="5.700"/>
  <system-out/>
</testsuite> <!-- TestLayer.RegisterPageClass -->
